2025-10-03 11:12:23,001 - report_analyzer - INFO - Logging initialized - Level: INFO, Console: True, File: True
2025-10-03 11:13:35,366 - report_analyzer - INFO - Logging initialized - Level: INFO, Console: True, File: True
2025-10-03 11:26:17,577 - report_analyzer - INFO - Logging initialized - Level: INFO, Console: True, File: True
2025-10-03 11:26:58,776 - report_analyzer - INFO - Logging initialized - Level: INFO, Console: True, File: True
2025-10-03 11:27:37,695 - report_analyzer - INFO - Logging initialized - Level: INFO, Console: True, File: True
2025-10-03 11:36:53,161 - report_analyzer - INFO - Logging initialized - Level: INFO, Console: True, File: True
2025-10-03 11:36:55,858 - report_analyzer - INFO - Starting analysis | file=DONNER&REUSCHEL - VEEAM Monthly Backup Reporting - 2025-08.pdf | report_type=unknown | timestamp=2025-10-03T11:36:55.858443
2025-10-03 11:36:59,561 - report_analyzer - INFO - Analysis complete | file=DONNER&REUSCHEL - VEEAM Monthly Backup Reporting - 2025-08.pdf | report_type=unknown | timestamp=2025-10-03T11:36:59.561637 | status=fehler | duration=3.70s
2025-10-03 11:37:10,608 - report_analyzer - INFO - Logging initialized - Level: INFO, Console: True, File: True
2025-10-03 11:44:18,459 - report_analyzer - INFO - Logging initialized - Level: INFO, Console: True, File: True
2025-10-03 11:44:21,022 - report_analyzer - INFO - Starting analysis | file=DONNER&REUSCHEL - VEEAM Monthly Backup Reporting - 2025-08.pdf | report_type=unknown | timestamp=2025-10-03T11:44:21.022068
2025-10-03 11:44:24,473 - report_analyzer - INFO - Analysis complete | file=DONNER&REUSCHEL - VEEAM Monthly Backup Reporting - 2025-08.pdf | report_type=unknown | timestamp=2025-10-03T11:44:24.473319 | status=ok | duration=3.45s
2025-10-03 11:59:02,227 - report_analyzer - INFO - Logging initialized - Level: INFO, Console: True, File: True
2025-10-03 11:59:04,960 - report_analyzer - INFO - Starting analysis | file=DONNER&REUSCHEL - VEEAM Monthly Backup Reporting - 2025-08.pdf | report_type=unknown | timestamp=2025-10-03T11:59:04.960728
2025-10-03 11:59:08,635 - report_analyzer - INFO - Analysis complete | file=DONNER&REUSCHEL - VEEAM Monthly Backup Reporting - 2025-08.pdf | report_type=unknown | timestamp=2025-10-03T11:59:08.635127 | status=ok | duration=3.67s
2025-10-03 11:59:21,146 - report_analyzer - INFO - Logging initialized - Level: INFO, Console: True, File: True
2025-10-03 11:59:23,681 - report_analyzer - INFO - Starting analysis | file=DONNER&REUSCHEL - VEEAM Monthly Backup Reporting - 2025-08.pdf | report_type=unknown | timestamp=2025-10-03T11:59:23.681859
2025-10-03 11:59:27,322 - report_analyzer - INFO - Analysis complete | file=DONNER&REUSCHEL - VEEAM Monthly Backup Reporting - 2025-08.pdf | report_type=unknown | timestamp=2025-10-03T11:59:27.322198 | status=ok | duration=3.64s
2025-10-03 11:59:39,210 - report_analyzer - INFO - Logging initialized - Level: INFO, Console: True, File: True
2025-10-03 11:59:41,744 - report_analyzer - INFO - Starting analysis | file=DONNER&REUSCHEL - VEEAM Monthly Backup Reporting - 2025-08.pdf | report_type=unknown | timestamp=2025-10-03T11:59:41.744025
2025-10-03 11:59:45,366 - report_analyzer - INFO - Analysis complete | file=DONNER&REUSCHEL - VEEAM Monthly Backup Reporting - 2025-08.pdf | report_type=unknown | timestamp=2025-10-03T11:59:45.366727 | status=ok | duration=3.62s
2025-10-03 12:07:08,422 - report_analyzer - INFO - Logging initialized - Level: INFO, Console: True, File: True
2025-10-03 12:07:11,196 - report_analyzer - INFO - Starting analysis | file=DONNER&REUSCHEL - VEEAM Monthly Backup Reporting - 2025-08.pdf | report_type=unknown | timestamp=2025-10-03T12:07:11.196109
2025-10-03 12:07:14,790 - report_analyzer - INFO - Analysis complete | file=DONNER&REUSCHEL - VEEAM Monthly Backup Reporting - 2025-08.pdf | report_type=unknown | timestamp=2025-10-03T12:07:14.790099 | status=ok | duration=3.59s
2025-10-03 12:07:27,027 - report_analyzer - INFO - Logging initialized - Level: INFO, Console: True, File: True
2025-10-03 12:07:29,627 - report_analyzer - INFO - Starting analysis | file=DONNER&REUSCHEL - VEEAM Monthly Backup Reporting - 2025-08.pdf | report_type=unknown | timestamp=2025-10-03T12:07:29.627508
2025-10-03 12:07:33,282 - report_analyzer - INFO - Analysis complete | file=DONNER&REUSCHEL - VEEAM Monthly Backup Reporting - 2025-08.pdf | report_type=unknown | timestamp=2025-10-03T12:07:33.282266 | status=ok | duration=3.65s
2025-10-03 12:14:14,142 - report_analyzer - INFO - Logging initialized - Level: INFO, Console: True, File: True
2025-10-03 12:14:16,718 - report_analyzer - INFO - Starting analysis | file=DONNER&REUSCHEL - VEEAM Monthly Backup Reporting - 2025-08.pdf | report_type=unknown | timestamp=2025-10-03T12:14:16.718149
2025-10-03 12:14:20,168 - report_analyzer - INFO - Analysis complete | file=DONNER&REUSCHEL - VEEAM Monthly Backup Reporting - 2025-08.pdf | report_type=unknown | timestamp=2025-10-03T12:14:20.168190 | status=ok | duration=3.45s
2025-10-03 12:27:35,604 - report_analyzer - INFO - Logging initialized - Level: INFO, Console: True, File: True
2025-10-03 12:27:38,472 - report_analyzer - INFO - Starting analysis | file=DONNER&REUSCHEL - VEEAM Monthly Backup Reporting - 2025-08.pdf | report_type=unknown | timestamp=2025-10-03T12:27:38.472822
2025-10-03 12:27:41,928 - report_analyzer - INFO - Analysis complete | file=DONNER&REUSCHEL - VEEAM Monthly Backup Reporting - 2025-08.pdf | report_type=unknown | timestamp=2025-10-03T12:27:41.928458 | status=ok | duration=3.45s
2025-10-03 12:30:07,332 - report_analyzer - INFO - Logging initialized - Level: INFO, Console: True, File: True
2025-10-03 12:30:09,897 - report_analyzer - INFO - Starting analysis | file=DONNER&REUSCHEL - VEEAM Monthly Backup Reporting - 2025-08_20251003_122741.pdf | report_type=unknown | timestamp=2025-10-03T12:30:09.897115
2025-10-03 12:30:13,365 - report_analyzer - INFO - Analysis complete | file=DONNER&REUSCHEL - VEEAM Monthly Backup Reporting - 2025-08_20251003_122741.pdf | report_type=unknown | timestamp=2025-10-03T12:30:13.365752 | status=ok | duration=3.47s
2025-10-03 12:33:58,961 - report_analyzer - INFO - Logging initialized - Level: INFO, Console: True, File: True
2025-10-03 12:34:01,677 - report_analyzer - INFO - Starting analysis | file=DONNER&REUSCHEL - VEEAM Monthly Backup Reporting - 2025-08_20251003_122741_20251003_123013.pdf | report_type=unknown | timestamp=2025-10-03T12:34:01.677909
2025-10-03 12:34:05,201 - report_analyzer - INFO - Analysis complete | file=DONNER&REUSCHEL - VEEAM Monthly Backup Reporting - 2025-08_20251003_122741_20251003_123013.pdf | report_type=unknown | timestamp=2025-10-03T12:34:05.201660 | status=ok | duration=3.52s
2025-10-03 12:36:01,755 - report_analyzer - INFO - Logging initialized - Level: INFO, Console: True, File: True
2025-10-03 12:36:04,312 - report_analyzer - INFO - Starting analysis | file=DONNER&REUSCHEL - VEEAM Monthly Backup Reporting - 2025-08_20251003_122741_20251003_123013_20251003_123405.pdf | report_type=unknown | timestamp=2025-10-03T12:36:04.312246
2025-10-03 12:36:08,032 - report_analyzer - INFO - Analysis complete | file=DONNER&REUSCHEL - VEEAM Monthly Backup Reporting - 2025-08_20251003_122741_20251003_123013_20251003_123405.pdf | report_type=unknown | timestamp=2025-10-03T12:36:08.032153 | status=ok | duration=3.72s
2025-10-03 12:36:43,911 - report_analyzer - INFO - Logging initialized - Level: INFO, Console: True, File: True
2025-10-03 12:36:46,474 - report_analyzer - INFO - Starting analysis | file=DONNER&REUSCHEL - VEEAM Monthly Backup Reporting - 2025-08_20251003_122741_20251003_123013_20251003_123405_20251003_123608.pdf | report_type=unknown | timestamp=2025-10-03T12:36:46.474128
2025-10-03 12:36:50,163 - report_analyzer - INFO - Analysis complete | file=DONNER&REUSCHEL - VEEAM Monthly Backup Reporting - 2025-08_20251003_122741_20251003_123013_20251003_123405_20251003_123608.pdf | report_type=unknown | timestamp=2025-10-03T12:36:50.163436 | status=ok | duration=3.69s
2025-10-03 13:06:21,931 - report_analyzer - INFO - Logging initialized - Level: INFO, Console: True, File: True
2025-10-03 13:06:24,667 - report_analyzer - INFO - Starting analysis | file=DONNER&REUSCHEL - VEEAM Monthly Backup.pdf | report_type=unknown | timestamp=2025-10-03T13:06:24.667163
2025-10-03 13:06:28,727 - report_analyzer - INFO - Analysis complete | file=DONNER&REUSCHEL - VEEAM Monthly Backup.pdf | report_type=unknown | timestamp=2025-10-03T13:06:28.727480 | status=nicht_erfolgreich_analysiert | duration=4.06s
2025-10-03 13:06:28,732 - report_analyzer - INFO - Starting analysis | file=DONNER&REUSCHEL - VEEAM Monthly Backup Reporting - 2025-08_20251003_122741_20251003_123013_20251003_123405_20251003_123608_20251003_123650.pdf | report_type=unknown | timestamp=2025-10-03T13:06:28.732416 | status=nicht_erfolgreich_analysiert | duration=4.06s
2025-10-03 13:06:32,642 - report_analyzer - INFO - Analysis complete | file=DONNER&REUSCHEL - VEEAM Monthly Backup Reporting - 2025-08_20251003_122741_20251003_123013_20251003_123405_20251003_123608_20251003_123650.pdf | report_type=unknown | timestamp=2025-10-03T13:06:32.642702 | status=nicht_erfolgreich_analysiert | duration=3.91s
2025-10-03 13:07:01,981 - report_analyzer - INFO - Logging initialized - Level: INFO, Console: True, File: True
2025-10-03 13:07:04,553 - report_analyzer - INFO - Starting analysis | file=DONNER&REUSCHEL - VEEAM Monthly Backup Reporting - 2025-08_20251003_122741_20251003_123013_20251003_123405_20251003_123608_20251003_123650_20251003_130632.pdf | report_type=unknown | timestamp=2025-10-03T13:07:04.553424
2025-10-03 13:07:08,567 - report_analyzer - INFO - Analysis complete | file=DONNER&REUSCHEL - VEEAM Monthly Backup Reporting - 2025-08_20251003_122741_20251003_123013_20251003_123405_20251003_123608_20251003_123650_20251003_130632.pdf | report_type=unknown | timestamp=2025-10-03T13:07:08.567245 | status=nicht_erfolgreich_analysiert | duration=4.01s
2025-10-03 13:07:08,568 - report_analyzer - INFO - Starting analysis | file=DONNER&REUSCHEL - VEEAM Monthly Backup.pdf | report_type=unknown | timestamp=2025-10-03T13:07:08.568465 | status=nicht_erfolgreich_analysiert | duration=4.01s
2025-10-03 13:07:12,474 - report_analyzer - INFO - Analysis complete | file=DONNER&REUSCHEL - VEEAM Monthly Backup.pdf | report_type=unknown | timestamp=2025-10-03T13:07:12.474498 | status=nicht_erfolgreich_analysiert | duration=3.91s
2025-10-03 13:07:43,216 - report_analyzer - INFO - Logging initialized - Level: INFO, Console: True, File: True
2025-10-03 13:07:45,778 - report_analyzer - INFO - Starting analysis | file=DONNER&REUSCHEL - VEEAM Monthly Backup Reporting - 2025-08_20251003_122741_20251003_123013_20251003_123405_20251003_123608_20251003_123650_20251003_130632.pdf | report_type=unknown | timestamp=2025-10-03T13:07:45.778705
2025-10-03 13:07:49,257 - report_analyzer - INFO - Analysis complete | file=DONNER&REUSCHEL - VEEAM Monthly Backup Reporting - 2025-08_20251003_122741_20251003_123013_20251003_123405_20251003_123608_20251003_123650_20251003_130632.pdf | report_type=unknown | timestamp=2025-10-03T13:07:49.257857 | status=ok | duration=3.48s
2025-10-03 13:07:49,259 - report_analyzer - INFO - Starting analysis | file=DONNER&REUSCHEL - VEEAM Monthly Backup_20251003_130712.pdf | report_type=unknown | timestamp=2025-10-03T13:07:49.259261 | status=ok | duration=3.48s
2025-10-03 13:07:52,861 - report_analyzer - INFO - Analysis complete | file=DONNER&REUSCHEL - VEEAM Monthly Backup_20251003_130712.pdf | report_type=unknown | timestamp=2025-10-03T13:07:52.861765 | status=ok | duration=3.60s
2025-10-03 13:09:12,974 - report_analyzer - INFO - Logging initialized - Level: INFO, Console: True, File: True
2025-10-03 13:09:15,532 - report_analyzer - INFO - Starting analysis | file=DONNER&REUSCHEL - VEEAM Monthly Backup Reporting - 2025-08_20251003_122741_20251003_123013_20251003_123405_20251003_123608_20251003_123650_20251003_130632.pdf | report_type=unknown | timestamp=2025-10-03T13:09:15.532789
2025-10-03 13:09:19,010 - report_analyzer - INFO - Analysis complete | file=DONNER&REUSCHEL - VEEAM Monthly Backup Reporting - 2025-08_20251003_122741_20251003_123013_20251003_123405_20251003_123608_20251003_123650_20251003_130632.pdf | report_type=unknown | timestamp=2025-10-03T13:09:19.010384 | status=ok | duration=3.48s
2025-10-03 13:09:19,011 - report_analyzer - INFO - Starting analysis | file=DONNER&REUSCHEL - VEEAM Monthly Backup_20251003_130712_20251003_130752.pdf | report_type=unknown | timestamp=2025-10-03T13:09:19.011856 | status=ok | duration=3.48s
2025-10-03 13:09:22,616 - report_analyzer - INFO - Analysis complete | file=DONNER&REUSCHEL - VEEAM Monthly Backup_20251003_130712_20251003_130752.pdf | report_type=unknown | timestamp=2025-10-03T13:09:22.616632 | status=ok | duration=3.60s
2025-10-03 13:10:24,104 - report_analyzer - INFO - Logging initialized - Level: INFO, Console: True, File: True
2025-10-03 13:10:26,672 - report_analyzer - INFO - Starting analysis | file=DONNER&REUSCHEL - VEEAM Monthly Backup Reporting - 2025-08_20251003_122741_20251003_123013_20251003_123405_20251003_123608_20251003_123650_20251003_130632.pdf | report_type=unknown | timestamp=2025-10-03T13:10:26.672089
2025-10-03 13:10:30,123 - report_analyzer - INFO - Analysis complete | file=DONNER&REUSCHEL - VEEAM Monthly Backup Reporting - 2025-08_20251003_122741_20251003_123013_20251003_123405_20251003_123608_20251003_123650_20251003_130632.pdf | report_type=unknown | timestamp=2025-10-03T13:10:30.123257 | status=ok | duration=3.45s
2025-10-03 13:10:30,124 - report_analyzer - INFO - Starting analysis | file=DONNER&REUSCHEL - VEEAM Monthly Backup_20251003_130712_20251003_130752_20251003_130922.pdf | report_type=unknown | timestamp=2025-10-03T13:10:30.124719 | status=ok | duration=3.45s
2025-10-03 13:10:33,682 - report_analyzer - INFO - Analysis complete | file=DONNER&REUSCHEL - VEEAM Monthly Backup_20251003_130712_20251003_130752_20251003_130922.pdf | report_type=unknown | timestamp=2025-10-03T13:10:33.682039 | status=ok | duration=3.56s
2025-10-03 13:11:44,389 - report_analyzer - INFO - Logging initialized - Level: INFO, Console: True, File: True
2025-10-03 13:11:46,957 - report_analyzer - INFO - Starting analysis | file=DONNER&REUSCHEL - VEEAM Monthly Backup Reporting - 2025-08_20251003_122741_20251003_123013_20251003_123405_20251003_123608_20251003_123650_20251003_130632.pdf | report_type=unknown | timestamp=2025-10-03T13:11:46.957765
2025-10-03 13:11:50,432 - report_analyzer - INFO - Analysis complete | file=DONNER&REUSCHEL - VEEAM Monthly Backup Reporting - 2025-08_20251003_122741_20251003_123013_20251003_123405_20251003_123608_20251003_123650_20251003_130632.pdf | report_type=unknown | timestamp=2025-10-03T13:11:50.432481 | status=ok | duration=3.47s
2025-10-03 13:11:50,436 - report_analyzer - INFO - Starting analysis | file=DONNER&REUSCHEL - VEEAM Monthly Backup_20251003_130712_20251003_130752_20251003_130922_20251003_131033.pdf | report_type=unknown | timestamp=2025-10-03T13:11:50.436545 | status=ok | duration=3.47s
2025-10-03 13:11:54,025 - report_analyzer - INFO - Analysis complete | file=DONNER&REUSCHEL - VEEAM Monthly Backup_20251003_130712_20251003_130752_20251003_130922_20251003_131033.pdf | report_type=unknown | timestamp=2025-10-03T13:11:54.025042 | status=ok | duration=3.59s
2025-10-03 13:12:09,620 - report_analyzer - INFO - Logging initialized - Level: INFO, Console: True, File: True
2025-10-03 13:12:12,193 - report_analyzer - INFO - Starting analysis | file=DONNER&REUSCHEL - VEEAM Monthly Backup Reporting - 2025-08_20251003_122741_20251003_123013_20251003_123405_20251003_123608_20251003_123650_20251003_130632.pdf | report_type=unknown | timestamp=2025-10-03T13:12:12.193335
2025-10-03 13:12:15,679 - report_analyzer - INFO - Analysis complete | file=DONNER&REUSCHEL - VEEAM Monthly Backup Reporting - 2025-08_20251003_122741_20251003_123013_20251003_123405_20251003_123608_20251003_123650_20251003_130632.pdf | report_type=unknown | timestamp=2025-10-03T13:12:15.679030 | status=ok | duration=3.48s
2025-10-03 13:12:15,683 - report_analyzer - INFO - Starting analysis | file=DONNER&REUSCHEL - VEEAM Monthly Backup_20251003_130712_20251003_130752_20251003_130922_20251003_131033_20251003_131154.pdf | report_type=unknown | timestamp=2025-10-03T13:12:15.683054 | status=ok | duration=3.48s
2025-10-03 13:12:19,274 - report_analyzer - INFO - Analysis complete | file=DONNER&REUSCHEL - VEEAM Monthly Backup_20251003_130712_20251003_130752_20251003_130922_20251003_131033_20251003_131154.pdf | report_type=unknown | timestamp=2025-10-03T13:12:19.274539 | status=ok | duration=3.59s
2025-10-03 13:15:55,040 - report_analyzer - INFO - Logging initialized - Level: INFO, Console: True, File: True
2025-10-03 13:15:57,618 - report_analyzer - INFO - Starting analysis | file=DONNER&REUSCHEL - VEEAM Monthly Backup Reporting - 2025-08_20251003_122741_20251003_123013_20251003_123405_20251003_123608_20251003_123650_20251003_130632.pdf | report_type=unknown | timestamp=2025-10-03T13:15:57.618603
2025-10-03 13:16:01,098 - report_analyzer - INFO - Analysis complete | file=DONNER&REUSCHEL - VEEAM Monthly Backup Reporting - 2025-08_20251003_122741_20251003_123013_20251003_123405_20251003_123608_20251003_123650_20251003_130632.pdf | report_type=unknown | timestamp=2025-10-03T13:16:01.098680 | status=ok | duration=3.48s
2025-10-03 13:16:01,102 - report_analyzer - INFO - Starting analysis | file=DONNER&REUSCHEL - VEEAM Monthly Backup_20251003_130712_20251003_130752_20251003_130922_20251003_131033_20251003_131154_20251003_131219.pdf | report_type=unknown | timestamp=2025-10-03T13:16:01.102697 | status=ok | duration=3.48s
2025-10-03 13:16:04,697 - report_analyzer - INFO - Analysis complete | file=DONNER&REUSCHEL - VEEAM Monthly Backup_20251003_130712_20251003_130752_20251003_130922_20251003_131033_20251003_131154_20251003_131219.pdf | report_type=unknown | timestamp=2025-10-03T13:16:04.697659 | status=ok | duration=3.59s
2025-10-03 13:16:31,186 - report_analyzer - INFO - Logging initialized - Level: INFO, Console: True, File: True
2025-10-03 13:16:48,354 - report_analyzer - INFO - Logging initialized - Level: INFO, Console: True, File: True
2025-10-03 13:18:09,425 - report_analyzer - INFO - Logging initialized - Level: INFO, Console: True, File: True
2025-10-03 13:18:12,134 - report_analyzer - INFO - Starting analysis | file=DONNER&REUSCHEL - VEEAM Monthly Backup Reporting - 2025-08.htm | report_type=unknown | timestamp=2025-10-03T13:18:12.134064
2025-10-03 13:19:00,174 - report_analyzer - INFO - Logging initialized - Level: INFO, Console: True, File: True
2025-10-03 13:19:02,766 - report_analyzer - INFO - Starting analysis | file=DONNER&REUSCHEL - VEEAM Monthly Backup Reporting - 2025-08.htm | report_type=unknown | timestamp=2025-10-03T13:19:02.766923
2025-10-03 13:19:02,772 - report_analyzer - INFO - Analysis complete | file=DONNER&REUSCHEL - VEEAM Monthly Backup Reporting - 2025-08.htm | report_type=unknown | timestamp=2025-10-03T13:19:02.772072 | status=nicht_erfolgreich_analysiert | duration=0.00s
2025-10-03 13:21:07,412 - report_analyzer - INFO - Logging initialized - Level: INFO, Console: True, File: True
2025-10-03 13:21:09,972 - report_analyzer - INFO - Starting analysis | file=DONNER&REUSCHEL - VEEAM Monthly Backup Reporting - 2025-08_20251003_131902.htm | report_type=unknown | timestamp=2025-10-03T13:21:09.972862
2025-10-03 13:21:10,189 - report_analyzer - INFO - Analysis complete | file=DONNER&REUSCHEL - VEEAM Monthly Backup Reporting - 2025-08_20251003_131902.htm | report_type=unknown | timestamp=2025-10-03T13:21:10.189214 | status=ok | duration=0.22s
2025-10-03 13:23:18,119 - report_analyzer - INFO - Logging initialized - Level: INFO, Console: True, File: True
2025-10-03 13:23:20,678 - report_analyzer - INFO - Starting analysis | file=DONNER&REUSCHEL - VEEAM Monthly Backup Reporting - 2025-08_20251003_131902_20251003_132110.htm | report_type=unknown | timestamp=2025-10-03T13:23:20.678025
2025-10-03 13:23:20,802 - report_analyzer - INFO - Analysis complete | file=DONNER&REUSCHEL - VEEAM Monthly Backup Reporting - 2025-08_20251003_131902_20251003_132110.htm | report_type=unknown | timestamp=2025-10-03T13:23:20.802854 | status=ok | duration=0.12s
2025-10-03 13:24:59,830 - report_analyzer - INFO - Logging initialized - Level: INFO, Console: True, File: True
2025-10-03 13:25:02,405 - report_analyzer - INFO - Starting analysis | file=DONNER&REUSCHEL - VEEAM Monthly Backup Reporting - 2025-08_20251003_131902_20251003_132110_20251003_132320.htm | report_type=unknown | timestamp=2025-10-03T13:25:02.405330
2025-10-03 13:25:02,532 - report_analyzer - INFO - Analysis complete | file=DONNER&REUSCHEL - VEEAM Monthly Backup Reporting - 2025-08_20251003_131902_20251003_132110_20251003_132320.htm | report_type=unknown | timestamp=2025-10-03T13:25:02.532780 | status=ok | duration=0.13s
2025-10-03 13:26:09,142 - report_analyzer - INFO - Logging initialized - Level: INFO, Console: True, File: True
2025-10-03 13:26:11,701 - report_analyzer - INFO - Starting analysis | file=DONNER&REUSCHEL - VEEAM Monthly Backup Reporting - 2025-08_20251003_131902_20251003_132110_20251003_132320_20251003_132502.htm | report_type=unknown | timestamp=2025-10-03T13:26:11.701411
2025-10-03 13:26:11,828 - report_analyzer - INFO - Analysis complete | file=DONNER&REUSCHEL - VEEAM Monthly Backup Reporting - 2025-08_20251003_131902_20251003_132110_20251003_132320_20251003_132502.htm | report_type=unknown | timestamp=2025-10-03T13:26:11.828315 | status=ok | duration=0.13s
2025-10-03 13:27:16,693 - report_analyzer - INFO - Logging initialized - Level: INFO, Console: True, File: True
2025-10-03 13:27:19,264 - report_analyzer - INFO - Starting analysis | file=DONNER&REUSCHEL - VEEAM Monthly Backup Reporting - 2025-08_20251003_131902_20251003_132110_20251003_132320_20251003_132502_20251003_132611.htm | report_type=unknown | timestamp=2025-10-03T13:27:19.264104
2025-10-03 13:27:19,391 - report_analyzer - INFO - Analysis complete | file=DONNER&REUSCHEL - VEEAM Monthly Backup Reporting - 2025-08_20251003_131902_20251003_132110_20251003_132320_20251003_132502_20251003_132611.htm | report_type=unknown | timestamp=2025-10-03T13:27:19.391760 | status=ok | duration=0.13s
2025-10-03 13:28:27,624 - report_analyzer - INFO - Logging initialized - Level: INFO, Console: True, File: True
2025-10-03 13:28:30,184 - report_analyzer - INFO - Starting analysis | file=DONNER&REUSCHEL - VEEAM Monthly Backup Reporting - 2025-08_20251003_131902_20251003_132110_20251003_132320_20251003_132502_20251003_132611_20251003_132719.htm | report_type=unknown | timestamp=2025-10-03T13:28:30.184095
2025-10-03 13:28:30,308 - report_analyzer - INFO - Analysis complete | file=DONNER&REUSCHEL - VEEAM Monthly Backup Reporting - 2025-08_20251003_131902_20251003_132110_20251003_132320_20251003_132502_20251003_132611_20251003_132719.htm | report_type=unknown | timestamp=2025-10-03T13:28:30.308205 | status=ok | duration=0.12s
2025-10-03 13:29:43,262 - report_analyzer - INFO - Logging initialized - Level: INFO, Console: True, File: True
2025-10-03 13:29:45,838 - report_analyzer - INFO - Starting analysis | file=DONNER&REUSCHEL - VEEAM Monthly Backup Reporting - 2025-08_20251003_131902_20251003_132110_20251003_132320_20251003_132502_20251003_132611_20251003_132719.htm | report_type=unknown | timestamp=2025-10-03T13:29:45.838150
2025-10-03 13:29:45,968 - report_analyzer - INFO - Analysis complete | file=DONNER&REUSCHEL - VEEAM Monthly Backup Reporting - 2025-08_20251003_131902_20251003_132110_20251003_132320_20251003_132502_20251003_132611_20251003_132719.htm | report_type=unknown | timestamp=2025-10-03T13:29:45.968702 | status=ok | duration=0.13s
2025-10-03 13:30:47,979 - report_analyzer - INFO - Logging initialized - Level: INFO, Console: True, File: True
2025-10-03 13:30:50,542 - report_analyzer - INFO - Starting analysis | file=DONNER&REUSCHEL - VEEAM Monthly Backup Reporting - 2025-08_20251003_131902_20251003_132110_20251003_132320_20251003_132502_20251003_132611_20251003_132719.htm | report_type=unknown | timestamp=2025-10-03T13:30:50.542674
2025-10-03 13:30:50,667 - report_analyzer - INFO - Analysis complete | file=DONNER&REUSCHEL - VEEAM Monthly Backup Reporting - 2025-08_20251003_131902_20251003_132110_20251003_132320_20251003_132502_20251003_132611_20251003_132719.htm | report_type=unknown | timestamp=2025-10-03T13:30:50.667801 | status=ok | duration=0.12s
2025-10-03 13:31:18,763 - report_analyzer - INFO - Logging initialized - Level: INFO, Console: True, File: True
2025-10-03 13:31:21,333 - report_analyzer - INFO - Starting analysis | file=DONNER&REUSCHEL - VEEAM Monthly Backup Reporting - 2025-08_20251003_131902_20251003_132110_20251003_132320_20251003_132502_20251003_132611_20251003_132719.htm | report_type=unknown | timestamp=2025-10-03T13:31:21.333481
2025-10-03 13:31:21,460 - report_analyzer - INFO - Analysis complete | file=DONNER&REUSCHEL - VEEAM Monthly Backup Reporting - 2025-08_20251003_131902_20251003_132110_20251003_132320_20251003_132502_20251003_132611_20251003_132719.htm | report_type=unknown | timestamp=2025-10-03T13:31:21.460422 | status=ok | duration=0.13s
2025-10-03 13:31:56,259 - report_analyzer - INFO - Logging initialized - Level: INFO, Console: True, File: True
2025-10-03 13:31:59,018 - report_analyzer - INFO - Starting analysis | file=DONNER&REUSCHEL - VEEAM Monthly Backup Reporting - 2025-08_20251003_131902_20251003_132110_20251003_132320_20251003_132502_20251003_132611_20251003_132719.htm | report_type=unknown | timestamp=2025-10-03T13:31:59.017959
2025-10-03 13:31:59,254 - report_analyzer - INFO - Analysis complete | file=DONNER&REUSCHEL - VEEAM Monthly Backup Reporting - 2025-08_20251003_131902_20251003_132110_20251003_132320_20251003_132502_20251003_132611_20251003_132719.htm | report_type=unknown | timestamp=2025-10-03T13:31:59.254731 | status=ok | duration=0.24s
2025-10-03 13:32:49,742 - report_analyzer - INFO - Logging initialized - Level: INFO, Console: True, File: True
2025-10-03 13:32:52,319 - report_analyzer - INFO - Starting analysis | file=DONNER&REUSCHEL - VEEAM Monthly Backup Reporting - 2025-08_20251003_131902_20251003_132110_20251003_132320_20251003_132502_20251003_132611_20251003_132719.htm | report_type=unknown | timestamp=2025-10-03T13:32:52.319184
2025-10-03 13:32:52,446 - report_analyzer - INFO - Analysis complete | file=DONNER&REUSCHEL - VEEAM Monthly Backup Reporting - 2025-08_20251003_131902_20251003_132110_20251003_132320_20251003_132502_20251003_132611_20251003_132719.htm | report_type=unknown | timestamp=2025-10-03T13:32:52.446792 | status=ok | duration=0.13s
2025-10-03 13:33:23,228 - report_analyzer - INFO - Logging initialized - Level: INFO, Console: True, File: True
2025-10-03 13:33:25,789 - report_analyzer - INFO - Starting analysis | file=DONNER&REUSCHEL - VEEAM Monthly Backup Reporting - 2025-08_20251003_131902_20251003_132110_20251003_132320_20251003_132502_20251003_132611_20251003_132719.htm | report_type=unknown | timestamp=2025-10-03T13:33:25.789419
2025-10-03 13:33:25,915 - report_analyzer - INFO - Analysis complete | file=DONNER&REUSCHEL - VEEAM Monthly Backup Reporting - 2025-08_20251003_131902_20251003_132110_20251003_132320_20251003_132502_20251003_132611_20251003_132719.htm | report_type=unknown | timestamp=2025-10-03T13:33:25.915371 | status=ok | duration=0.13s
2025-10-03 13:33:56,846 - report_analyzer - INFO - Logging initialized - Level: INFO, Console: True, File: True
2025-10-03 13:33:59,436 - report_analyzer - INFO - Starting analysis | file=DONNER&REUSCHEL - VEEAM Monthly Backup Reporting - 2025-08_20251003_131902_20251003_132110_20251003_132320_20251003_132502_20251003_132611_20251003_132719.htm | report_type=unknown | timestamp=2025-10-03T13:33:59.436132
2025-10-03 13:33:59,563 - report_analyzer - INFO - Analysis complete | file=DONNER&REUSCHEL - VEEAM Monthly Backup Reporting - 2025-08_20251003_131902_20251003_132110_20251003_132320_20251003_132502_20251003_132611_20251003_132719.htm | report_type=unknown | timestamp=2025-10-03T13:33:59.563659 | status=ok | duration=0.13s
2025-10-03 13:34:29,161 - report_analyzer - INFO - Logging initialized - Level: INFO, Console: True, File: True
2025-10-03 13:34:31,729 - report_analyzer - INFO - Starting analysis | file=DONNER&REUSCHEL - VEEAM Monthly Backup Reporting - 2025-08_20251003_131902_20251003_132110_20251003_132320_20251003_132502_20251003_132611_20251003_132719.htm | report_type=unknown | timestamp=2025-10-03T13:34:31.729861
2025-10-03 13:34:31,858 - report_analyzer - INFO - Analysis complete | file=DONNER&REUSCHEL - VEEAM Monthly Backup Reporting - 2025-08_20251003_131902_20251003_132110_20251003_132320_20251003_132502_20251003_132611_20251003_132719.htm | report_type=unknown | timestamp=2025-10-03T13:34:31.858655 | status=ok | duration=0.13s
2025-10-03 13:35:01,418 - report_analyzer - INFO - Logging initialized - Level: INFO, Console: True, File: True
2025-10-03 13:35:03,996 - report_analyzer - INFO - Starting analysis | file=DONNER&REUSCHEL - VEEAM Monthly Backup Reporting - 2025-08_20251003_131902_20251003_132110_20251003_132320_20251003_132502_20251003_132611_20251003_132719.htm | report_type=unknown | timestamp=2025-10-03T13:35:03.996166
2025-10-03 13:35:04,137 - report_analyzer - INFO - Analysis complete | file=DONNER&REUSCHEL - VEEAM Monthly Backup Reporting - 2025-08_20251003_131902_20251003_132110_20251003_132320_20251003_132502_20251003_132611_20251003_132719.htm | report_type=unknown | timestamp=2025-10-03T13:35:04.137212 | status=ok | duration=0.14s
2025-10-03 13:35:18,865 - report_analyzer - INFO - Logging initialized - Level: INFO, Console: True, File: True
2025-10-03 13:35:21,439 - report_analyzer - INFO - Starting analysis | file=DONNER&REUSCHEL - VEEAM Monthly Backup Reporting - 2025-08_20251003_131902_20251003_132110_20251003_132320_20251003_132502_20251003_132611_20251003_132719.htm | report_type=unknown | timestamp=2025-10-03T13:35:21.439054
2025-10-03 13:35:21,578 - report_analyzer - INFO - Analysis complete | file=DONNER&REUSCHEL - VEEAM Monthly Backup Reporting - 2025-08_20251003_131902_20251003_132110_20251003_132320_20251003_132502_20251003_132611_20251003_132719.htm | report_type=unknown | timestamp=2025-10-03T13:35:21.577973 | status=ok | duration=0.14s
2025-10-03 13:37:02,150 - report_analyzer - INFO - Logging initialized - Level: INFO, Console: True, File: True
2025-10-03 13:37:04,721 - report_analyzer - INFO - Starting analysis | file=DONNER&REUSCHEL - VEEAM Monthly Backup Reporting - 2025-08_20251003_131902_20251003_132110_20251003_132320_20251003_132502_20251003_132611_20251003_132719.htm | report_type=unknown | timestamp=2025-10-03T13:37:04.721285
2025-10-03 13:37:04,861 - report_analyzer - INFO - Analysis complete | file=DONNER&REUSCHEL - VEEAM Monthly Backup Reporting - 2025-08_20251003_131902_20251003_132110_20251003_132320_20251003_132502_20251003_132611_20251003_132719.htm | report_type=unknown | timestamp=2025-10-03T13:37:04.861541 | status=ok | duration=0.14s
2025-10-03 13:38:31,839 - report_analyzer - INFO - Logging initialized - Level: INFO, Console: True, File: True
2025-10-03 13:38:34,406 - report_analyzer - INFO - Starting analysis | file=DONNER&REUSCHEL - VEEAM Monthly Backup Reporting - 2025-08_20251003_131902_20251003_132110_20251003_132320_20251003_132502_20251003_132611_20251003_132719.htm | report_type=unknown | timestamp=2025-10-03T13:38:34.406213
2025-10-03 13:38:34,544 - report_analyzer - INFO - Analysis complete | file=DONNER&REUSCHEL - VEEAM Monthly Backup Reporting - 2025-08_20251003_131902_20251003_132110_20251003_132320_20251003_132502_20251003_132611_20251003_132719.htm | report_type=unknown | timestamp=2025-10-03T13:38:34.544385 | status=ok | duration=0.14s
2025-10-03 13:46:24,626 - report_analyzer - INFO - Logging initialized - Level: INFO, Console: True, File: True
2025-10-03 13:46:27,203 - report_analyzer - INFO - Starting analysis | file=DONNER&REUSCHEL - VEEAM Monthly Backup Reporting - 2025-08_20251003_131902_20251003_132110_20251003_132320_20251003_132502_20251003_132611_20251003_132719.htm | report_type=unknown | timestamp=2025-10-03T13:46:27.203204
2025-10-03 13:46:27,349 - report_analyzer - INFO - Analysis complete | file=DONNER&REUSCHEL - VEEAM Monthly Backup Reporting - 2025-08_20251003_131902_20251003_132110_20251003_132320_20251003_132502_20251003_132611_20251003_132719.htm | report_type=unknown | timestamp=2025-10-03T13:46:27.349003 | status=ok | duration=0.14s
2025-10-03 13:56:30,113 - report_analyzer - INFO - Logging initialized - Level: INFO, Console: True, File: True
2025-10-03 13:56:32,917 - report_analyzer - INFO - Starting analysis | file=DONNER&REUSCHEL - VEEAM Monthly Backup Reporting.htm | report_type=unknown | timestamp=2025-10-03T13:56:32.917161
2025-10-03 13:56:33,088 - report_analyzer - INFO - Analysis complete | file=DONNER&REUSCHEL - VEEAM Monthly Backup Reporting.htm | report_type=unknown | timestamp=2025-10-03T13:56:33.088931 | status=ok | duration=0.17s
2025-10-03 13:58:25,366 - report_analyzer - INFO - Logging initialized - Level: INFO, Console: True, File: True
2025-10-03 13:58:27,944 - report_analyzer - INFO - Starting analysis | file=DONNER&REUSCHEL - VEEAM Monthly Backup Reporting.htm | report_type=unknown | timestamp=2025-10-03T13:58:27.944404
2025-10-03 13:58:28,085 - report_analyzer - INFO - Analysis complete | file=DONNER&REUSCHEL - VEEAM Monthly Backup Reporting.htm | report_type=unknown | timestamp=2025-10-03T13:58:28.085403 | status=ok | duration=0.14s
2025-10-03 13:58:37,909 - report_analyzer - INFO - Logging initialized - Level: INFO, Console: True, File: True
2025-10-03 13:58:40,495 - report_analyzer - INFO - Starting analysis | file=DONNER&REUSCHEL - VEEAM Monthly Backup Reporting_20251003_135828.htm | report_type=unknown | timestamp=2025-10-03T13:58:40.495523
2025-10-03 13:58:40,636 - report_analyzer - INFO - Analysis complete | file=DONNER&REUSCHEL - VEEAM Monthly Backup Reporting_20251003_135828.htm | report_type=unknown | timestamp=2025-10-03T13:58:40.636086 | status=ok | duration=0.14s
2025-10-03 14:01:14,448 - report_analyzer - INFO - Logging initialized - Level: INFO, Console: True, File: True
2025-10-03 14:01:17,025 - report_analyzer - INFO - Starting analysis | file=DONNER&REUSCHEL - VEEAM Monthly Backup Reporting_20251003_135828_20251003_135840.htm | report_type=unknown | timestamp=2025-10-03T14:01:17.025674
2025-10-03 14:01:17,159 - report_analyzer - INFO - Analysis complete | file=DONNER&REUSCHEL - VEEAM Monthly Backup Reporting_20251003_135828_20251003_135840.htm | report_type=unknown | timestamp=2025-10-03T14:01:17.159710 | status=ok | duration=0.13s
2025-10-03 14:11:51,029 - report_analyzer - INFO - Logging initialized - Level: INFO, Console: True, File: True
2025-10-03 14:11:53,605 - report_analyzer - INFO - Starting analysis | file=DONNER&REUSCHEL - VEEAM Monthly Backup Reporting_20251003_135828_20251003_135840_20251003_140117.htm | report_type=unknown | timestamp=2025-10-03T14:11:53.605119
2025-10-03 14:11:53,735 - report_analyzer - INFO - Analysis complete | file=DONNER&REUSCHEL - VEEAM Monthly Backup Reporting_20251003_135828_20251003_135840_20251003_140117.htm | report_type=unknown | timestamp=2025-10-03T14:11:53.735570 | status=ok | duration=0.13s
2025-10-03 14:31:04,290 - report_analyzer - INFO - Logging initialized - Level: INFO, Console: True, File: True
2025-10-03 14:31:06,965 - report_analyzer - INFO - Starting analysis | file=DONNER&REUSCHEL - VEEAM Monthly Backup Reporting_20251003_135828_20251003_135840_20251003_140117_20251003_141153.htm | report_type=unknown | timestamp=2025-10-03T14:31:06.965243
2025-10-03 14:31:07,088 - report_analyzer - INFO - Analysis complete | file=DONNER&REUSCHEL - VEEAM Monthly Backup Reporting_20251003_135828_20251003_135840_20251003_140117_20251003_141153.htm | report_type=unknown | timestamp=2025-10-03T14:31:07.088417 | status=ok | duration=0.12s
2025-10-03 14:38:26,997 - report_analyzer - INFO - Logging initialized - Level: INFO, Console: True, File: True
2025-10-03 14:38:29,749 - report_analyzer - INFO - Starting analysis | file=DONNER&REUSCHEL - VEEAM Monthly Backup Reporting.htm | report_type=unknown | timestamp=2025-10-03T14:38:29.748962
2025-10-03 14:38:29,993 - report_analyzer - INFO - Analysis complete | file=DONNER&REUSCHEL - VEEAM Monthly Backup Reporting.htm | report_type=unknown | timestamp=2025-10-03T14:38:29.992978 | status=ok | duration=0.24s
2025-10-03 14:59:32,447 - report_analyzer - INFO - Logging initialized - Level: INFO, Console: True, File: True
2025-10-03 14:59:35,177 - report_analyzer - INFO - Starting analysis | file=LogOfKeepITEntireMonthAllStatus.csv | report_type=unknown | timestamp=2025-10-03T14:59:35.177525
2025-10-03 14:59:35,498 - report_analyzer - INFO - Analysis complete | file=LogOfKeepITEntireMonthAllStatus.csv | report_type=unknown | timestamp=2025-10-03T14:59:35.497986 | status=ok | duration=0.32s
2025-10-03 14:59:35,499 - report_analyzer - INFO - Starting analysis | file=DONNER&REUSCHEL - VEEAM Monthly Backup Reporting.htm | report_type=unknown | timestamp=2025-10-03T14:59:35.499941 | status=ok | duration=0.32s
2025-10-03 14:59:35,681 - report_analyzer - INFO - Analysis complete | file=DONNER&REUSCHEL - VEEAM Monthly Backup Reporting.htm | report_type=unknown | timestamp=2025-10-03T14:59:35.681132 | status=ok | duration=0.18s
